<?xml version="1.0" encoding="UTF-8" ?>
<testsuite tests="45" failures="0" name="SetupClass.TestRunner" time="0.007" errors="0" skipped="0">
  <properties>
    <property name="java.runtime.name" value="Java(TM) SE Runtime Environment"/>
    <property name="sun.boot.library.path" value="C:\Program Files\Java\jre1.8.0_211\bin"/>
    <property name="java.vm.version" value="25.211-b12"/>
    <property name="java.vm.vendor" value="Oracle Corporation"/>
    <property name="maven.multiModuleProjectDirectory" value="C:\Users\slide53\eclipse-workspace\SlideTeamWebsiteFormsAuto"/>
    <property name="java.vendor.url" value="http://java.oracle.com/"/>
    <property name="path.separator" value=";"/>
    <property name="guice.disable.misplaced.annotation.check" value="true"/>
    <property name="java.vm.name" value="Java HotSpot(TM) 64-Bit Server VM"/>
    <property name="file.encoding.pkg" value="sun.io"/>
    <property name="user.script" value=""/>
    <property name="user.country" value="US"/>
    <property name="sun.java.launcher" value="SUN_STANDARD"/>
    <property name="sun.os.patch.level" value=""/>
    <property name="java.vm.specification.name" value="Java Virtual Machine Specification"/>
    <property name="user.dir" value="C:\Users\slide53\eclipse-workspace\SlideTeamWebsiteFormsAuto"/>
    <property name="java.runtime.version" value="1.8.0_211-b12"/>
    <property name="java.awt.graphicsenv" value="sun.awt.Win32GraphicsEnvironment"/>
    <property name="java.endorsed.dirs" value="C:\Program Files\Java\jre1.8.0_211\lib\endorsed"/>
    <property name="os.arch" value="amd64"/>
    <property name="java.io.tmpdir" value="C:\Users\slide53\AppData\Local\Temp\"/>
    <property name="line.separator" value="
"/>
    <property name="java.vm.specification.vendor" value="Oracle Corporation"/>
    <property name="user.variant" value=""/>
    <property name="os.name" value="Windows 10"/>
    <property name="classworlds.conf" value="C:\Users\slide53\eclipse-workspace\.metadata\.plugins\org.eclipse.m2e.launching\launches\m2conf7292782969538730031.tmp"/>
    <property name="sun.jnu.encoding" value="Cp1252"/>
    <property name="java.library.path" value="C:\Program Files\Java\jre1.8.0_211\bin;C:\WINDOWS\Sun\Java\bin;C:\WINDOWS\system32;C:\WINDOWS;C:/Program Files/Java/jre1.8.0_211/bin/server;C:/Program Files/Java/jre1.8.0_211/bin;C:/Program Files/Java/jre1.8.0_211/lib/amd64;C:\Program Files (x86)\Common Files\Oracle\Java\javapath;C:\Windows\System32;C:\Windows;C:\Program Files\Java\jdk-12.0.1\bin;C:\Program Files\Git\cmd;C:\maven\apache-maven-3.6.1-bin\apache-maven-3.6.1\bin;C:\Program Files\Java\jdk1.8.0_211\bin;;%SystemRoot%\system32;%SystemRoot%;%SystemRoot%\System32\Wbem;%SYSTEMROOT%\System32\WindowsPowerShell\v1.0\;%SYSTEMROOT%\System32\OpenSSH\;C:\Users\slide53\AppData\Local\GitHubDesktop\bin;%USERPROFILE%\AppData\Local\Microsoft\WindowsApps;;C:\Users\slide53\Desktop;;."/>
    <property name="java.specification.name" value="Java Platform API Specification"/>
    <property name="java.class.version" value="52.0"/>
    <property name="sun.management.compiler" value="HotSpot 64-Bit Tiered Compilers"/>
    <property name="os.version" value="10.0"/>
    <property name="user.home" value="C:\Users\slide53"/>
    <property name="user.timezone" value="Asia/Calcutta"/>
    <property name="java.awt.printerjob" value="sun.awt.windows.WPrinterJob"/>
    <property name="java.specification.version" value="1.8"/>
    <property name="file.encoding" value="Cp1252"/>
    <property name="user.name" value="slide53"/>
    <property name="java.class.path" value="C:\Users\slide53\.p2\pool\plugins\org.eclipse.m2e.maven.runtime_1.12.0.20190529-1915\jars\plexus-classworlds-2.6.0.jar"/>
    <property name="java.vm.specification.version" value="1.8"/>
    <property name="sun.arch.data.model" value="64"/>
    <property name="java.home" value="C:\Program Files\Java\jre1.8.0_211"/>
    <property name="sun.java.command" value="org.codehaus.plexus.classworlds.launcher.Launcher -B test"/>
    <property name="java.specification.vendor" value="Oracle Corporation"/>
    <property name="user.language" value="en"/>
    <property name="awt.toolkit" value="sun.awt.windows.WToolkit"/>
    <property name="java.vm.info" value="mixed mode"/>
    <property name="java.version" value="1.8.0_211"/>
    <property name="java.ext.dirs" value="C:\Program Files\Java\jre1.8.0_211\lib\ext;C:\WINDOWS\Sun\Java\lib\ext"/>
    <property name="sun.boot.class.path" value="C:\Program Files\Java\jre1.8.0_211\lib\resources.jar;C:\Program Files\Java\jre1.8.0_211\lib\rt.jar;C:\Program Files\Java\jre1.8.0_211\lib\sunrsasign.jar;C:\Program Files\Java\jre1.8.0_211\lib\jsse.jar;C:\Program Files\Java\jre1.8.0_211\lib\jce.jar;C:\Program Files\Java\jre1.8.0_211\lib\charsets.jar;C:\Program Files\Java\jre1.8.0_211\lib\jfr.jar;C:\Program Files\Java\jre1.8.0_211\classes"/>
    <property name="java.vendor" value="Oracle Corporation"/>
    <property name="maven.home" value="C:\Users\slide53\eclipse-workspace\SlideTeamWebsiteFormsAuto\EMBEDDED"/>
    <property name="file.separator" value="\"/>
    <property name="java.vendor.url.bug" value="http://bugreport.sun.com/bugreport/"/>
    <property name="sun.cpu.endian" value="little"/>
    <property name="sun.io.unicode.encoding" value="UnicodeLittle"/>
    <property name="sun.desktop" value="windows"/>
    <property name="sun.cpu.isalist" value="amd64"/>
  </properties>
  <testcase classname="Scenario: Test leave a comment on blog" name="Given user is already on blog form" time="0.002"/>
  <testcase classname="Scenario: Test leave a comment on blog" name="Then user enter name on blog form" time="0"/>
  <testcase classname="Scenario: Test leave a comment on blog" name="Then user enter email on blog form" time="0"/>
  <testcase classname="Scenario: Test leave a comment on blog" name="Then user enter comment on blog form" time="0"/>
  <testcase classname="Scenario: Test leave a comment on blog" name="Then user enter captcha on blog form" time="0"/>
  <testcase classname="Scenario: Test leave a comment on blog" name="Then user click on Submit button on blog form" time="0"/>
  <testcase classname="Scenario: Test leave a comment on blog" name="Scenario: Test leave a comment on blog" time="0.003"/>
  <testcase classname="Scenario: Test Contacts us form" name="Given user is already on contact us form" time="0"/>
  <testcase classname="Scenario: Test Contacts us form" name="Then user enter name" time="0"/>
  <testcase classname="Scenario: Test Contacts us form" name="Then user enter email" time="0"/>
  <testcase classname="Scenario: Test Contacts us form" name="Then user enter mobile number" time="0"/>
  <testcase classname="Scenario: Test Contacts us form" name="Then user enter comment" time="0"/>
  <testcase classname="Scenario: Test Contacts us form" name="Then user enter captcha comment" time="0"/>
  <testcase classname="Scenario: Test Contacts us form" name="Then user click on submit button" time="0"/>
  <testcase classname="Scenario: Test Contacts us form" name="Scenario: Test Contacts us form" time="0.001"/>
  <testcase classname="Scenario: Test contact us to get started form" name="Given user is already on contact us to get started form" time="0"/>
  <testcase classname="Scenario: Test contact us to get started form" name="Then user enter name on gs form" time="0"/>
  <testcase classname="Scenario: Test contact us to get started form" name="Then user enter email on gs form" time="0"/>
  <testcase classname="Scenario: Test contact us to get started form" name="Then user enter phone number on gs form" time="0"/>
  <testcase classname="Scenario: Test contact us to get started form" name="Then user enter message on gs form" time="0"/>
  <testcase classname="Scenario: Test contact us to get started form" name="Then user click on submit button on gs form" time="0"/>
  <testcase classname="Scenario: Test contact us to get started form" name="Scenario: Test contact us to get started form" time="0"/>
  <testcase classname="Scenario: Test Design Services form" name="Given user is already on design services page" time="0"/>
  <testcase classname="Scenario: Test Design Services form" name="Then user enter name on design services form" time="0"/>
  <testcase classname="Scenario: Test Design Services form" name="Then user enter email on design services form" time="0"/>
  <testcase classname="Scenario: Test Design Services form" name="Then user enter project description on design services form" time="0"/>
  <testcase classname="Scenario: Test Design Services form" name="Then user attach a file on design services form" time="0"/>
  <testcase classname="Scenario: Test Design Services form" name="Then user submit the design services form" time="0"/>
  <testcase classname="Scenario: Test Design Services form" name="Scenario: Test Design Services form" time="0"/>
  <testcase classname="Scenario: Test Design Services form" name="Given user is already on questionnaire form page" time="0"/>
  <testcase classname="Scenario: Test Design Services form" name="Then user enter name on questionnaire form" time="0"/>
  <testcase classname="Scenario: Test Design Services form" name="Then user enter email on questionnaire form" time="0"/>
  <testcase classname="Scenario: Test Design Services form" name="Then user enter phone on questionnaire form" time="0"/>
  <testcase classname="Scenario: Test Design Services form" name="Then user enter number of slides on questionnaire form" time="0"/>
  <testcase classname="Scenario: Test Design Services form" name="Then user enter  Style Requirement on questionnaire form" time="0"/>
  <testcase classname="Scenario: Test Design Services form" name="Then user click on submit on questionnaire form" time="0"/>
  <testcase classname="Scenario: Test Design Services form" name="Scenario: Test Design Services form" time="0.001"/>
  <testcase classname="Scenario: Test Research Services Form" name="Given user is already on Submit Your Business Research Requirements form" time="0"/>
  <testcase classname="Scenario: Test Research Services Form" name="Then user enter name on rs form" time="0"/>
  <testcase classname="Scenario: Test Research Services Form" name="Then user enter email on rs form" time="0"/>
  <testcase classname="Scenario: Test Research Services Form" name="Then user enter mobile number on rs form" time="0"/>
  <testcase classname="Scenario: Test Research Services Form" name="Then user enter comment on rs form" time="0"/>
  <testcase classname="Scenario: Test Research Services Form" name="Then user enter captcha on rs form" time="0"/>
  <testcase classname="Scenario: Test Research Services Form" name="Then user click on submit button on rs form" time="0"/>
  <testcase classname="Scenario: Test Research Services Form" name="Scenario: Test Research Services Form" time="0"/>
</testsuite>